i, p[i], is
1(#): 1
i, p[i], is
2(a): 2
at 2, 0 added, got 0
i, p[i], is
3(#): 1
i, p[i], is
4(b): 4
at 4, 0 added, got 0
i, p[i], is
5(#): 1
i, p[i], is
6(a): 4
at 6, 1 added, got 1
i, p[i], is
7(#): 1
i, p[i], is
8(b): 2
at 8, 0 added, got 1
i, p[i], is
9(#): 1
i, p[i], is
10(c): 8
at 10, 0 added, got 1
i, p[i], is
11(#): 1
i, p[i], is
12(b): 2
at 12, 0 added, got 1
i, p[i], is
13(#): 1
i, p[i], is
14(a): 6
at 14, 1 added, got 2
i, p[i], is
15(#): 1
i, p[i], is
16(b): 2
at 16, 0 added, got 2
i, p[i], is
17(#): 1
i, p[i], is
18(c): 2
at 18, 0 added, got 2
i, p[i], is
19(#): 7
i, p[i], is
20(c): 2
at 20, 0 added, got 2
i, p[i], is
21(#): 1
i, p[i], is
22(b): 2
at 22, 0 added, got 2
i, p[i], is
23(#): 1
i, p[i], is
24(a): 2
at 24, 0 added, got 2
i, p[i], is
25(#): 7
i, p[i], is
26(a): 2
at 26, 0 added, got 2
i, p[i], is
27(#): 1
i, p[i], is
28(b): 2
at 28, 0 added, got 2
i, p[i], is
29(#): 1
i, p[i], is
30(c): 2
at 30, 0 added, got 2
i, p[i], is
31(#): 1
i, p[i], is
1(#): 1
i, p[i], is
2(a): 2
at 2, 0 added, got 0
i, p[i], is
3(#): 1
i, p[i], is
4(b): 4
at 4, 0 added, got 0
i, p[i], is
5(#): 1
i, p[i], is
6(a): 2
at 6, 0 added, got 0
i, p[i], is
7(#): 1
i, p[i], is
1(#): 1
i, p[i], is
2(a): 2
at 2, 0 added, got 0
i, p[i], is
3(#): 3
i, p[i], is
4(a): 4
at 4, 0 added, got 0
i, p[i], is
5(#): 5
i, p[i], is
6(a): 6
at 6, 1 added, got 1
i, p[i], is
7(#): 7
i, p[i], is
8(a): 8
at 8, 1 added, got 2
i, p[i], is
9(#): 9
i, p[i], is
10(a): 8
at 10, 2 added, got 4
i, p[i], is
11(#): 7
i, p[i], is
12(a): 6
at 12, 2 added, got 6
i, p[i], is
13(#): 5
i, p[i], is
14(a): 4
at 14, 1 added, got 7
i, p[i], is
15(#): 3
i, p[i], is
16(a): 2
at 16, 0 added, got 7
i, p[i], is
17(#): 1
i, p[i], is
1(#): 1
i, p[i], is
2(a): 2
at 2, 0 added, got 0
i, p[i], is
3(#): 3
i, p[i], is
4(a): 4
at 4, 0 added, got 0
i, p[i], is
5(#): 5
i, p[i], is
6(a): 6
at 6, 1 added, got 1
i, p[i], is
7(#): 7
i, p[i], is
8(a): 8
at 8, 1 added, got 2
i, p[i], is
9(#): 9
i, p[i], is
10(a): 8
at 10, 2 added, got 4
i, p[i], is
11(#): 7
i, p[i], is
12(a): 6
at 12, 2 added, got 6
i, p[i], is
13(#): 5
i, p[i], is
14(a): 4
at 14, 1 added, got 7
i, p[i], is
15(#): 3
i, p[i], is
16(a): 2
at 16, 0 added, got 7
i, p[i], is
17(#): 1
i, p[i], is
1(#): 1
i, p[i], is
2(a): 2
at 2, 0 added, got 0
i, p[i], is
3(#): 3
i, p[i], is
4(a): 4
at 4, 0 added, got 0
i, p[i], is
5(#): 5
i, p[i], is
6(a): 6
at 6, 1 added, got 1
i, p[i], is
7(#): 7
i, p[i], is
8(a): 8
at 8, 1 added, got 2
i, p[i], is
9(#): 9
i, p[i], is
10(a): 8
at 10, 2 added, got 4
i, p[i], is
11(#): 7
i, p[i], is
12(a): 6
at 12, 2 added, got 6
i, p[i], is
13(#): 5
i, p[i], is
14(a): 4
at 14, 1 added, got 7
i, p[i], is
15(#): 3
i, p[i], is
16(a): 2
at 16, 0 added, got 7
i, p[i], is
17(#): 1
i, p[i], is
1(#): 1
i, p[i], is
2(a): 2
at 2, 0 added, got 0
i, p[i], is
3(#): 3
i, p[i], is
4(a): 4
at 4, 0 added, got 0
i, p[i], is
5(#): 5
i, p[i], is
6(a): 6
at 6, 1 added, got 1
i, p[i], is
7(#): 7
i, p[i], is
8(a): 8
at 8, 1 added, got 2
i, p[i], is
9(#): 9
i, p[i], is
10(a): 8
at 10, 2 added, got 4
i, p[i], is
11(#): 7
i, p[i], is
12(a): 6
at 12, 2 added, got 6
i, p[i], is
13(#): 5
i, p[i], is
14(a): 4
at 14, 1 added, got 7
i, p[i], is
15(#): 3
i, p[i], is
16(a): 2
at 16, 0 added, got 7
i, p[i], is
17(#): 1
i, p[i], is
1(#): 1
i, p[i], is
2(a): 2
at 2, 0 added, got 0
i, p[i], is
3(#): 3
i, p[i], is
4(a): 4
at 4, 0 added, got 0
i, p[i], is
5(#): 5
i, p[i], is
6(a): 6
at 6, 1 added, got 1
i, p[i], is
7(#): 7
i, p[i], is
8(a): 8
at 8, 1 added, got 2
i, p[i], is
9(#): 9
i, p[i], is
10(a): 8
at 10, 2 added, got 4
i, p[i], is
11(#): 7
i, p[i], is
12(a): 6
at 12, 2 added, got 6
i, p[i], is
13(#): 5
i, p[i], is
14(a): 4
at 14, 1 added, got 7
i, p[i], is
15(#): 3
i, p[i], is
16(a): 2
at 16, 0 added, got 7
i, p[i], is
17(#): 1
i, p[i], is
1(#): 1
i, p[i], is
2(a): 2
at 2, 0 added, got 0
i, p[i], is
3(#): 1
i, p[i], is
4(b): 4
at 4, 0 added, got 0
i, p[i], is
5(#): 1
i, p[i], is
6(a): 4
at 6, 1 added, got 1
i, p[i], is
7(#): 1
i, p[i], is
8(b): 2
at 8, 0 added, got 1
i, p[i], is
9(#): 1
i, p[i], is
10(c): 8
at 10, 0 added, got 1
i, p[i], is
11(#): 1
i, p[i], is
12(b): 2
at 12, 0 added, got 1
i, p[i], is
13(#): 1
i, p[i], is
14(a): 6
at 14, 1 added, got 2
i, p[i], is
15(#): 1
i, p[i], is
16(b): 2
at 16, 0 added, got 2
i, p[i], is
17(#): 1
i, p[i], is
18(c): 2
at 18, 0 added, got 2
i, p[i], is
19(#): 7
i, p[i], is
20(c): 2
at 20, 0 added, got 2
i, p[i], is
21(#): 1
i, p[i], is
22(b): 2
at 22, 0 added, got 2
i, p[i], is
23(#): 1
i, p[i], is
24(a): 2
at 24, 0 added, got 2
i, p[i], is
25(#): 7
i, p[i], is
26(a): 2
at 26, 0 added, got 2
i, p[i], is
27(#): 1
i, p[i], is
28(b): 2
at 28, 0 added, got 2
i, p[i], is
29(#): 1
i, p[i], is
30(c): 2
at 30, 0 added, got 2
i, p[i], is
31(#): 1
i, p[i], is
1(#): 1
i, p[i], is
2(a): 2
at 2, 0 added, got 0
i, p[i], is
3(#): 1
i, p[i], is
4(b): 4
at 4, 0 added, got 0
i, p[i], is
5(#): 1
i, p[i], is
6(a): 4
at 6, 1 added, got 1
i, p[i], is
7(#): 1
i, p[i], is
8(b): 2
at 8, 0 added, got 1
i, p[i], is
9(#): 1
i, p[i], is
10(c): 8
at 10, 0 added, got 1
i, p[i], is
11(#): 1
i, p[i], is
12(b): 2
at 12, 0 added, got 1
i, p[i], is
13(#): 1
i, p[i], is
14(a): 6
at 14, 1 added, got 2
i, p[i], is
15(#): 1
i, p[i], is
16(b): 2
at 16, 0 added, got 2
i, p[i], is
17(#): 1
i, p[i], is
18(c): 2
at 18, 0 added, got 2
i, p[i], is
19(#): 7
i, p[i], is
20(c): 2
at 20, 0 added, got 2
i, p[i], is
21(#): 1
i, p[i], is
22(b): 2
at 22, 0 added, got 2
i, p[i], is
23(#): 1
i, p[i], is
24(a): 2
at 24, 0 added, got 2
i, p[i], is
25(#): 7
i, p[i], is
26(a): 2
at 26, 0 added, got 2
i, p[i], is
27(#): 1
i, p[i], is
28(b): 2
at 28, 0 added, got 2
i, p[i], is
29(#): 1
i, p[i], is
30(c): 2
at 30, 0 added, got 2
i, p[i], is
31(#): 1
i, p[i], is
1(#): 1
i, p[i], is
2(a): 2
at 2, 0 added, got 0
i, p[i], is
3(#): 1
i, p[i], is
4(b): 4
at 4, 0 added, got 0
i, p[i], is
5(#): 1
i, p[i], is
6(a): 4
at 6, 1 added, got 1
i, p[i], is
7(#): 1
i, p[i], is
8(b): 2
at 8, 0 added, got 1
i, p[i], is
9(#): 1
i, p[i], is
10(c): 8
at 10, 0 added, got 1
i, p[i], is
11(#): 1
i, p[i], is
12(b): 2
at 12, 0 added, got 1
i, p[i], is
13(#): 1
i, p[i], is
14(a): 6
at 14, 1 added, got 2
i, p[i], is
15(#): 1
i, p[i], is
16(b): 2
at 16, 0 added, got 2
i, p[i], is
17(#): 1
i, p[i], is
18(c): 2
at 18, 0 added, got 2
i, p[i], is
19(#): 7
i, p[i], is
20(c): 2
at 20, 0 added, got 2
i, p[i], is
21(#): 1
i, p[i], is
22(b): 2
at 22, 0 added, got 2
i, p[i], is
23(#): 1
i, p[i], is
24(a): 2
at 24, 0 added, got 2
i, p[i], is
25(#): 7
i, p[i], is
26(a): 2
at 26, 0 added, got 2
i, p[i], is
27(#): 1
i, p[i], is
28(b): 2
at 28, 0 added, got 2
i, p[i], is
29(#): 1
i, p[i], is
30(c): 2
at 30, 0 added, got 2
i, p[i], is
31(#): 1
i, p[i], is
1(#): 1
i, p[i], is
2(a): 2
at 2, 0 added, got 0
i, p[i], is
3(#): 3
i, p[i], is
4(a): 4
at 4, 0 added, got 0
i, p[i], is
5(#): 5
i, p[i], is
6(a): 6
at 6, 1 added, got 1
i, p[i], is
7(#): 7
i, p[i], is
8(a): 8
at 8, 1 added, got 2
i, p[i], is
9(#): 9
i, p[i], is
10(a): 8
at 10, 2 added, got 4
i, p[i], is
11(#): 7
i, p[i], is
12(a): 6
at 12, 2 added, got 6
i, p[i], is
13(#): 5
i, p[i], is
14(a): 4
at 14, 1 added, got 7
i, p[i], is
15(#): 3
i, p[i], is
16(a): 2
at 16, 0 added, got 7
i, p[i], is
17(#): 1
i, p[i], is
1(#): 1
i, p[i], is
2(a): 2
at 2, 0 added, got 0
i, p[i], is
3(#): 3
i, p[i], is
4(a): 4
at 4, 0 added, got 0
i, p[i], is
5(#): 5
i, p[i], is
6(a): 6
at 6, 1 added, got 1
i, p[i], is
7(#): 7
i, p[i], is
8(a): 8
at 8, 1 added, got 2
i, p[i], is
9(#): 7
i, p[i], is
10(a): 6
at 10, 2 added, got 4
i, p[i], is
11(#): 5
i, p[i], is
12(a): 4
at 12, 1 added, got 5
i, p[i], is
13(#): 3
i, p[i], is
14(a): 2
at 14, 0 added, got 5
i, p[i], is
15(#): 1
