0 6 24 60 120 210 336 504 720 -9 -9 -3 15 51 111 
201 327 495 711 -12 -12 -6 12 48 108 198 324 492 708 -3 -3 
3 21 57 117 207 333 501 717 24 24 30 48 84 144 234 360 
528 744 75 75 81 99 135 195 285 411 579 795 156 156 162 180 
216 276 366 492 660 876 273 273 279 297 333 393 483 609 777 993 
432 432 438 456 492 552 642 768 936 1152 639 639 645 663 699 759 
849 975 1143 1359 -99 -99 -93 -75 -39 21 111 237 405 621 -108 -108 
-102 -84 -48 12 102 228 396 612 -111 -111 -105 -87 -51 9 99 225 
393 609 -102 -102 -96 -78 -42 18 108 234 402 618 -75 -75 -69 -51 
-15 45 135 261 429 645 -24 -24 -18 0 36 96 186 312 480 696 
57 57 63 81 117 177 267 393 561 777 174 174 180 198 234 294 
384 510 678 894 333 333 339 357 393 453 543 669 837 1053 540 540 
546 564 600 660 750 876 1044 1260 -192 -192 -186 -168 -132 -72 18 144 
312 528 -201 -201 -195 -177 -141 -81 9 135 303 519 -204 -204 -198 -180 
-144 -84 6 132 300 516 -195 -195 -189 -171 -135 -75 15 141 309 525 
-168 -168 -162 -144 -108 -48 42 168 336 552 -117 -117 -111 -93 -57 3 
93 219 387 603 -36 -36 -30 -12 24 84 174 300 468 684 81 81 
87 105 141 201 291 417 585 801 240 240 246 264 300 360 450 576 
744 960 447 447 453 471 507 567 657 783 951 1167 -273 -273 -267 -249 
-213 -153 -63 63 231 447 -282 -282 -276 -258 -222 -162 -72 54 222 438 
-285 -285 -279 -261 -225 -165 -75 51 219 435 -276 -276 -270 -252 -216 -156 
-66 60 228 444 -249 -249 -243 -225 -189 -129 -39 87 255 471 -198 -198 
-192 -174 -138 -78 12 138 306 522 -117 -117 -111 -93 -57 3 93 219 
387 603 0 0 6 24 60 120 210 336 504 720 159 159 165 183 
219 279 369 495 663 879 366 366 372 390 426 486 576 702 870 1086 
-336 -336 -330 -312 -276 -216 -126 0 168 384 -345 -345 -339 -321 -285 -225 
-135 -9 159 375 -348 -348 -342 -324 -288 -228 -138 -12 156 372 -339 -339 
-333 -315 -279 -219 -129 -3 165 381 -312 -312 -306 -288 -252 -192 -102 24 
192 408 -261 -261 -255 -237 -201 -141 -51 75 243 459 -180 -180 -174 -156 
-120 -60 30 156 324 540 -63 -63 -57 -39 -3 57 147 273 441 657 
96 96 102 120 156 216 306 432 600 816 303 303 309 327 363 423 
513 639 807 1023 -375 -375 -369 -351 -315 -255 -165 -39 129 345 -384 -384 
-378 -360 -324 -264 -174 -48 120 336 -387 -387 -381 -363 -327 -267 -177 -51 
117 333 -378 -378 -372 -354 -318 -258 -168 -42 126 342 -351 -351 -345 -327 
-291 -231 -141 -15 153 369 -300 -300 -294 -276 -240 -180 -90 36 204 420 
-219 -219 -213 -195 -159 -99 -9 117 285 501 -102 -102 -96 -78 -42 18 
108 234 402 618 57 57 63 81 117 177 267 393 561 777 264 264 
270 288 324 384 474 600 768 984 -384 -384 -378 -360 -324 -264 -174 -48 
120 336 -393 -393 -387 -369 -333 -273 -183 -57 111 327 -396 -396 -390 -372 
-336 -276 -186 -60 108 324 -387 -387 -381 -363 -327 -267 -177 -51 117 333 
-360 -360 -354 -336 -300 -240 -150 -24 144 360 -309 -309 -303 -285 -249 -189 
-99 27 195 411 -228 -228 -222 -204 -168 -108 -18 108 276 492 -111 -111 
-105 -87 -51 9 99 225 393 609 48 48 54 72 108 168 258 384 
552 768 255 255 261 279 315 375 465 591 759 975 -357 -357 -351 -333 
-297 -237 -147 -21 147 363 -366 -366 -360 -342 -306 -246 -156 -30 138 354 
-369 -369 -363 -345 -309 -249 -159 -33 135 351 -360 -360 -354 -336 -300 -240 
-150 -24 144 360 -333 -333 -327 -309 -273 -213 -123 3 171 387 -282 -282 
-276 -258 -222 -162 -72 54 222 438 -201 -201 -195 -177 -141 -81 9 135 
303 519 -84 -84 -78 -60 -24 36 126 252 420 636 75 75 81 99 
135 195 285 411 579 795 282 282 288 306 342 402 492 618 786 1002 
-288 -288 -282 -264 -228 -168 -78 48 216 432 -297 -297 -291 -273 -237 -177 
-87 39 207 423 -300 -300 -294 -276 -240 -180 -90 36 204 420 -291 -291 
-285 -267 -231 -171 -81 45 213 429 -264 -264 -258 -240 -204 -144 -54 72 
240 456 -213 -213 -207 -189 -153 -93 -3 123 291 507 -132 -132 -126 -108 
-72 -12 78 204 372 588 -15 -15 -9 9 45 105 195 321 489 705 
144 144 150 168 204 264 354 480 648 864 351 351 357 375 411 471 
561 687 855 1071 -171 -171 -165 -147 -111 -51 39 165 333 549 -180 -180 
-174 -156 -120 -60 30 156 324 540 -183 -183 -177 -159 -123 -63 27 153 
321 537 -174 -174 -168 -150 -114 -54 36 162 330 546 -147 -147 -141 -123 
-87 -27 63 189 357 573 -96 -96 -90 -72 -36 24 114 240 408 624 
-15 -15 -9 9 45 105 195 321 489 705 102 102 108 126 162 222 
312 438 606 822 261 261 267 285 321 381 471 597 765 981 468 468 
474 492 528 588 678 804 972 1188 -999 -999 -993 -975 -939 -879 -789 -663 
-495 -279 -1008 -1008 -1002 -984 -948 -888 -798 -672 -504 -288 -1011 -1011 -1005 -987 
-951 